#
# A fatal error has been detected by the Java Runtime Environment:
#
#  EXCEPTION_IN_PAGE_ERROR (0xc0000006) at pc=0x640032e8, pid=7700, tid=1348
#
# JRE version: Java(TM) SE Runtime Environment (7.0_79-b15) (build 1.7.0_79-b15)
# Java VM: Java HotSpot(TM) Client VM (24.79-b02 mixed mode windows-x86 )
# Problematic frame:
# C  [jSSC-2.8_x86.dll+0x32e8]
#
# Failed to write core dump. Minidumps are not enabled by default on client versions of Windows
#
# If you would like to submit a bug report, please visit:
#   http://bugreport.java.com/bugreport/crash.jsp
#

---------------  T H R E A D  ---------------

Current thread (0x18011c00):  VMThread [stack: 0x182c0000,0x18310000] [id=1348]

siginfo: ExceptionCode=0xc0000006, ExceptionInformation=0x00000008 0x640032e8 0xc00000c4 

Registers:
EAX=0x640032e8, EBX=0x0064861c, ECX=0x77e4ffe4, EDX=0x00648618
ESP=0x1830f250, EBP=0x1830f2bc, ESI=0x64000000, EDI=0x00000001
EIP=0x640032e8, EFLAGS=0x00010206

Top of Stack: (sp=0x1830f250)
0x1830f250:   64001023 760314bd 00080000 6400b2d0
0x1830f260:   1830f274 77e29ca4 64000000 00000000
0x1830f270:   640010ae 64000000 00000000 00000001
0x1830f280:   1830f2c4 77e6de8c 6400b280 64000000
0x1830f290:   00000001 003eee68 1830f2b0 00000001
0x1830f2a0:   77e29ca4 64000000 00000000 00000001
0x1830f2b0:   003eee68 00000001 003eeed8 1830f360
0x1830f2c0:   77e494d4 64001060 64000000 00000000 

Instructions: (pc=0x640032e8)
0x640032c8:   
[error occurred during error reporting (printing registers, top of stack, instructions near pc), id 0xc0000006]

Register to memory mapping:

EAX=
[error occurred during error reporting (printing register info), id 0xc0000005]

Stack: [0x182c0000,0x18310000],  sp=0x1830f250,  free space=316k
Native frames: (J=compiled Java code, j=interpreted, Vv=VM code, C=native code)
C  [jSSC-2.8_x86.dll+0x32e8]
C  [ntdll.dll+0x494d4]
C  [ntdll.dll+0x49376]
C  [kernel32.dll+0x179ed]
C  [msvcr100.dll+0x27997]
C  [msvcr100.dll+0x27ab0]
C  [msvcr100.dll+0x27b1d]
V  [jvm.dll+0x140db2]
V  [jvm.dll+0x16953d]
V  [jvm.dll+0x168941]
V  [jvm.dll+0x168d57]
V  [jvm.dll+0x168f52]
V  [jvm.dll+0x1a8d99]
C  [msvcr100.dll+0x5c556]
C  [msvcr100.dll+0x5c600]
C  [kernel32.dll+0x1338a]
C  [ntdll.dll+0x2a242]
C  [ntdll.dll+0x2a215]

VM_Operation (0x195feaa0): Exit, mode: safepoint, requested by thread 0x181a5c00


---------------  P R O C E S S  ---------------

Java Threads: ( => current thread )
  0x0008cc00 JavaThread "DestroyJavaVM" [_thread_blocked, id=5952, stack(0x01fa0000,0x01ff0000)]
  0x19d6f400 JavaThread "TimerQueue" daemon [_thread_blocked, id=5260, stack(0x19320000,0x19370000)]
  0x19cf9800 JavaThread "Image Animator 2" daemon [_thread_blocked, id=6864, stack(0x1a150000,0x1a1a0000)]
  0x181a5c00 JavaThread "AWT-EventQueue-0" [_thread_blocked, id=7296, stack(0x195b0000,0x19600000)]
  0x181a3800 JavaThread "AWT-Shutdown" [_thread_blocked, id=688, stack(0x19220000,0x19270000)]
  0x181a3000 JavaThread "Java2D Disposer" daemon [_thread_blocked, id=6596, stack(0x192c0000,0x19310000)]
  0x18070800 JavaThread "Service Thread" daemon [_thread_blocked, id=6652, stack(0x18fe0000,0x19030000)]
  0x1806dc00 JavaThread "C1 CompilerThread0" daemon [_thread_blocked, id=4788, stack(0x189c0000,0x18a10000)]
  0x18060000 JavaThread "JDWP Command Reader" daemon [_thread_blocked, id=5460, stack(0x18250000,0x182a0000)]
  0x18059c00 JavaThread "JDWP Event Helper Thread" daemon [_thread_blocked, id=4244, stack(0x18e10000,0x18e60000)]
  0x18056400 JavaThread "JDWP Transport Listener: dt_socket" daemon [_thread_blocked, id=7104, stack(0x18520000,0x18570000)]
  0x1804a000 JavaThread "Attach Listener" daemon [_thread_blocked, id=4752, stack(0x18580000,0x185d0000)]
  0x18047400 JavaThread "Signal Dispatcher" daemon [_thread_blocked, id=5796, stack(0x18200000,0x18250000)]
  0x1801b400 JavaThread "Finalizer" daemon [_thread_blocked, id=4432, stack(0x01e60000,0x01eb0000)]
  0x18016000 JavaThread "Reference Handler" daemon [_thread_blocked, id=4956, stack(0x18380000,0x183d0000)]

Other Threads:
=>0x18011c00 VMThread [stack: 0x182c0000,0x18310000] [id=1348]

VM state:at safepoint (shutting down)

VM Mutex/Monitor currently owned by a thread:  ([mutex/lock_event])
[0x0008b098] Threads_lock - owner thread: 0x18011c00

Heap
 def new generation   total 4928K, used 4416K [0x04000000, 0x04550000, 0x09550000)
  eden space 4416K, 100% used [0x04000000, 0x04450000, 0x04450000)
  from space 512K,   0% used [0x044d0000, 0x044d01f8, 0x04550000)
  to   space 512K,   0% used [0x04450000, 0x04450000, 0x044d0000)
 tenured generation   total 10944K, used 5326K [0x09550000, 0x0a000000, 0x14000000)
   the space 10944K,  48% used [0x09550000, 0x09a83a78, 0x09a83c00, 0x0a000000)
 compacting perm gen  total 12288K, used 9749K [0x14000000, 0x14c00000, 0x18000000)
   the space 12288K,  79% used [0x14000000, 0x14985648, 0x14985800, 0x14c00000)
No shared spaces configured.

Card table byte_map: [0x01ef0000,0x01fa0000] byte_map_base: 0x01ed0000

Polling page: 0x00150000

Code Cache  [0x01ff0000, 0x021a8000, 0x03ff0000)
 total_blobs=948 nmethods=725 adapters=167 free_code_cache=31034Kb largest_free_block=31777792

Compilation events (10 events):
Event: 215.465 Thread 0x1806dc00  726             java.awt.Font::hashCode (76 bytes)
Event: 215.465 Thread 0x1806dc00 nmethod 726 0x0219b888 code [0x0219b9a0, 0x0219bab8]
Event: 593.691 Thread 0x1806dc00  728 % !         sun.awt.image.GifImageDecoder::produceImage @ 22 (618 bytes)
Event: 593.702 Thread 0x1806dc00 nmethod 728% 0x0219be48 code [0x0219c1e0, 0x0219e7c4]
Event: 1262.304 Thread 0x1806dc00  729 %           java.awt.EventDispatchThread::pumpEventsForFilter @ 10 (47 bytes)
Event: 1262.306 Thread 0x1806dc00 nmethod 729% 0x021a0148 code [0x021a0280, 0x021a0470]
Event: 1559.367 Thread 0x1806dc00  730             sun.font.CMap$CMapFormat4::getGlyph (186 bytes)
Event: 1559.368 Thread 0x1806dc00 nmethod 730 0x021a0608 code [0x021a0740, 0x021a09fc]
Event: 1560.051 Thread 0x1806dc00  731             java.awt.Container::findComponentAtImpl (315 bytes)
Event: 1560.053 Thread 0x1806dc00 nmethod 731 0x021a0f88 code [0x021a1170, 0x021a1734]

GC Heap History (10 events):
Event: 1303.953 GC heap before
{Heap before GC invocations=38 (full 0):
 def new generation   total 4928K, used 4454K [0x04000000, 0x04550000, 0x09550000)
  eden space 4416K, 100% used [0x04000000, 0x04450000, 0x04450000)
  from space 512K,   7% used [0x04450000, 0x04459970, 0x044d0000)
  to   space 512K,   0% used [0x044d0000, 0x044d0000, 0x04550000)
 tenured generation   total 10944K, used 5326K [0x09550000, 0x0a000000, 0x14000000)
   the space 10944K,  48% used [0x09550000, 0x09a83a78, 0x09a83c00, 0x0a000000)
 compacting perm gen  total 12288K, used 9749K [0x14000000, 0x14c00000, 0x18000000)
   the space 12288K,  79% used [0x14000000, 0x149855b8, 0x14985600, 0x14c00000)
No shared spaces configured.
Event: 1303.955 GC heap after
Heap after GC invocations=39 (full 0):
 def new generation   total 4928K, used 38K [0x04000000, 0x04550000, 0x09550000)
  eden space 4416K,   0% used [0x04000000, 0x04000000, 0x04450000)
  from space 512K,   7% used [0x044d0000, 0x044d9950, 0x04550000)
  to   space 512K,   0% used [0x04450000, 0x04450000, 0x044d0000)
 tenured generation   total 10944K, used 5326K [0x09550000, 0x0a000000, 0x14000000)
   the space 10944K,  48% used [0x09550000, 0x09a83a78, 0x09a83c00, 0x0a000000)
 compacting perm gen  total 12288K, used 9749K [0x14000000, 0x14c00000, 0x18000000)
   the space 12288K,  79% used [0x14000000, 0x149855b8, 0x14985600, 0x14c00000)
No shared spaces configured.
}
Event: 1349.806 GC heap before
{Heap before GC invocations=39 (full 0):
 def new generation   total 4928K, used 4454K [0x04000000, 0x04550000, 0x09550000)
  eden space 4416K, 100% used [0x04000000, 0x04450000, 0x04450000)
  from space 512K,   7% used [0x044d0000, 0x044d9950, 0x04550000)
  to   space 512K,   0% used [0x04450000, 0x04450000, 0x044d0000)
 tenured generation   total 10944K, used 5326K [0x09550000, 0x0a000000, 0x14000000)
   the space 10944K,  48% used [0x09550000, 0x09a83a78, 0x09a83c00, 0x0a000000)
 compacting perm gen  total 12288K, used 9749K [0x14000000, 0x14c00000, 0x18000000)
   the space 12288K,  79% used [0x14000000, 0x149855c8, 0x14985600, 0x14c00000)
No shared spaces configured.
Event: 1349.808 GC heap after
Heap after GC invocations=40 (full 0):
 def new generation   total 4928K, used 38K [0x04000000, 0x04550000, 0x09550000)
  eden space 4416K,   0% used [0x04000000, 0x04000000, 0x04450000)
  from space 512K,   7% used [0x04450000, 0x044599b0, 0x044d0000)
  to   space 512K,   0% used [0x044d0000, 0x044d0000, 0x04550000)
 tenured generation   total 10944K, used 5326K [0x09550000, 0x0a000000, 0x14000000)
   the space 10944K,  48% used [0x09550000, 0x09a83a78, 0x09a83c00, 0x0a000000)
 compacting perm gen  total 12288K, used 9749K [0x14000000, 0x14c00000, 0x18000000)
   the space 12288K,  79% used [0x14000000, 0x149855c8, 0x14985600, 0x14c00000)
No shared spaces configured.
}
Event: 1403.422 GC heap before
{Heap before GC invocations=40 (full 0):
 def new generation   total 4928K, used 4454K [0x04000000, 0x04550000, 0x09550000)
  eden space 4416K, 100% used [0x04000000, 0x04450000, 0x04450000)
  from space 512K,   7% used [0x04450000, 0x044599b0, 0x044d0000)
  to   space 512K,   0% used [0x044d0000, 0x044d0000, 0x04550000)
 tenured generation   total 10944K, used 5326K [0x09550000, 0x0a000000, 0x14000000)
   the space 10944K,  48% used [0x09550000, 0x09a83a78, 0x09a83c00, 0x0a000000)
 compacting perm gen  total 12288K, used 9749K [0x14000000, 0x14c00000, 0x18000000)
   the space 12288K,  79% used [0x14000000, 0x149855c8, 0x14985600, 0x14c00000)
No shared spaces configured.
Event: 1403.423 GC heap after
Heap after GC invocations=41 (full 0):
 def new generation   total 4928K, used 36K [0x04000000, 0x04550000, 0x09550000)
  eden space 4416K,   0% used [0x04000000, 0x04000000, 0x04450000)
  from space 512K,   7% used [0x044d0000, 0x044d9178, 0x04550000)
  to   space 512K,   0% used [0x04450000, 0x04450000, 0x044d0000)
 tenured generation   total 10944K, used 5326K [0x09550000, 0x0a000000, 0x14000000)
   the space 10944K,  48% used [0x09550000, 0x09a83a78, 0x09a83c00, 0x0a000000)
 compacting perm gen  total 12288K, used 9749K [0x14000000, 0x14c00000, 0x18000000)
   the space 12288K,  79% used [0x14000000, 0x149855c8, 0x14985600, 0x14c00000)
No shared spaces configured.
}
Event: 1457.484 GC heap before
{Heap before GC invocations=41 (full 0):
 def new generation   total 4928K, used 4452K [0x04000000, 0x04550000, 0x09550000)
  eden space 4416K, 100% used [0x04000000, 0x04450000, 0x04450000)
  from space 512K,   7% used [0x044d0000, 0x044d9178, 0x04550000)
  to   space 512K,   0% used [0x04450000, 0x04450000, 0x044d0000)
 tenured generation   total 10944K, used 5326K [0x09550000, 0x0a000000, 0x14000000)
   the space 10944K,  48% used [0x09550000, 0x09a83a78, 0x09a83c00, 0x0a000000)
 compacting perm gen  total 12288K, used 9749K [0x14000000, 0x14c00000, 0x18000000)
   the space 12288K,  79% used [0x14000000, 0x149855c8, 0x14985600, 0x14c00000)
No shared spaces configured.
Event: 1457.485 GC heap after
Heap after GC invocations=42 (full 0):
 def new generation   total 4928K, used 36K [0x04000000, 0x04550000, 0x09550000)
  eden space 4416K,   0% used [0x04000000, 0x04000000, 0x04450000)
  from space 512K,   7% used [0x04450000, 0x04459178, 0x044d0000)
  to   space 512K,   0% used [0x044d0000, 0x044d0000, 0x04550000)
 tenured generation   total 10944K, used 5326K [0x09550000, 0x0a000000, 0x14000000)
   the space 10944K,  48% used [0x09550000, 0x09a83a78, 0x09a83c00, 0x0a000000)
 compacting perm gen  total 12288K, used 9749K [0x14000000, 0x14c00000, 0x18000000)
   the space 12288K,  79% used [0x14000000, 0x149855c8, 0x14985600, 0x14c00000)
No shared spaces configured.
}
Event: 1511.532 GC heap before
{Heap before GC invocations=42 (full 0):
 def new generation   total 4928K, used 4434K [0x04000000, 0x04550000, 0x09550000)
  eden space 4416K,  99% used [0x04000000, 0x0444b9c0, 0x04450000)
  from space 512K,   7% used [0x04450000, 0x04459178, 0x044d0000)
  to   space 512K,   0% used [0x044d0000, 0x044d0000, 0x04550000)
 tenured generation   total 10944K, used 5326K [0x09550000, 0x0a000000, 0x14000000)
   the space 10944K,  48% used [0x09550000, 0x09a83a78, 0x09a83c00, 0x0a000000)
 compacting perm gen  total 12288K, used 9749K [0x14000000, 0x14c00000, 0x18000000)
   the space 12288K,  79% used [0x14000000, 0x149855c8, 0x14985600, 0x14c00000)
No shared spaces configured.
Event: 1511.533 GC heap after
Heap after GC invocations=43 (full 0):
 def new generation   total 4928K, used 0K [0x04000000, 0x04550000, 0x09550000)
  eden space 4416K,   0% used [0x04000000, 0x04000000, 0x04450000)
  from space 512K,   0% used [0x044d0000, 0x044d01f8, 0x04550000)
  to   space 512K,   0% used [0x04450000, 0x04450000, 0x044d0000)
 tenured generation   total 10944K, used 5326K [0x09550000, 0x0a000000, 0x14000000)
   the space 10944K,  48% used [0x09550000, 0x09a83a78, 0x09a83c00, 0x0a000000)
 compacting perm gen  total 12288K, used 9749K [0x14000000, 0x14c00000, 0x18000000)
   the space 12288K,  79% used [0x14000000, 0x149855c8, 0x14985600, 0x14c00000)
No shared spaces configured.
}

Deoptimization events (0 events):
No events

Internal exceptions (10 events):
Event: 4.179 Thread 0x0008cc00 Threw 0x040d8d38 at C:\re\jdk7u79\2331\hotspot\src\share\vm\prims\jni.cpp:743
Event: 4.190 Thread 0x19f0d800 Threw 0x04161218 at C:\re\jdk7u79\2331\hotspot\src\share\vm\prims\jvm.cpp:1304
Event: 4.195 Thread 0x19f0d800 Threw 0x04164fe0 at C:\re\jdk7u79\2331\hotspot\src\share\vm\prims\jvm.cpp:1304
Event: 4.198 Thread 0x19f0d800 Threw 0x04168b80 at C:\re\jdk7u79\2331\hotspot\src\share\vm\prims\jvm.cpp:1304
Event: 5.316 Thread 0x19f0d800 Threw 0x04219748 at C:\re\jdk7u79\2331\hotspot\src\share\vm\prims\jvm.cpp:1304
Event: 5.345 Thread 0x19f0d800 Threw 0x042573b8 at C:\re\jdk7u79\2331\hotspot\src\share\vm\prims\jvm.cpp:1304
Event: 5.386 Thread 0x19f0d800 Threw 0x0425e740 at C:\re\jdk7u79\2331\hotspot\src\share\vm\prims\jvm.cpp:1304
Event: 8.752 Thread 0x19f0d800 Threw 0x04262200 at C:\re\jdk7u79\2331\hotspot\src\share\vm\prims\jvm.cpp:1304
Event: 8.756 Thread 0x19f0d800 Threw 0x04265948 at C:\re\jdk7u79\2331\hotspot\src\share\vm\prims\jvm.cpp:1304
Event: 8.774 Thread 0x19f0d800 Threw 0x042ac850 at C:\re\jdk7u79\2331\hotspot\src\share\vm\interpreter\interpreterRuntime.cpp:347

Events (10 events):
Event: 1511.532 Executing VM operation: GenCollectForAllocation
Event: 1511.533 Executing VM operation: GenCollectForAllocation done
Event: 1561.167 Thread 0x19f2d800 Thread added: 0x19f2d800
Event: 1561.167 Thread 0x19f2dc00 Thread added: 0x19f2dc00
Event: 1561.167 Thread 0x19f2e400 Thread added: 0x19f2e400
Event: 1561.174 Thread 0x19f2dc00 Thread exited: 0x19f2dc00
Event: 1561.190 Thread 0x181a4000 Thread exited: 0x181a4000
Event: 1561.198 Thread 0x19f2d800 Thread exited: 0x19f2d800
Event: 1561.276 Thread 0x19f2e400 Thread exited: 0x19f2e400
Event: 1561.277 Executing VM operation: Exit


Dynamic libraries:
0x000a0000 - 0x000cf000 	C:\Program Files (x86)\Java\jdk1.7.0_79\jre\bin\javaw.exe
0x77e00000 - 0x77f80000 	C:\WINDOWS\SysWOW64\ntdll.dll
0x76020000 - 0x76130000 	C:\WINDOWS\syswow64\kernel32.dll
0x759f0000 - 0x75a37000 	C:\WINDOWS\syswow64\KERNELBASE.dll
0x75d00000 - 0x75da1000 	C:\WINDOWS\syswow64\ADVAPI32.dll
0x778c0000 - 0x7796c000 	C:\WINDOWS\syswow64\msvcrt.dll
0x75a80000 - 0x75a99000 	C:\WINDOWS\SysWOW64\sechost.dll
0x776d0000 - 0x777c0000 	C:\WINDOWS\syswow64\RPCRT4.dll
0x75710000 - 0x75770000 	C:\WINDOWS\syswow64\SspiCli.dll
0x75700000 - 0x7570c000 	C:\WINDOWS\syswow64\CRYPTBASE.dll
0x76740000 - 0x76840000 	C:\WINDOWS\syswow64\USER32.dll
0x75770000 - 0x75800000 	C:\WINDOWS\syswow64\GDI32.dll
0x76600000 - 0x7660a000 	C:\WINDOWS\syswow64\LPK.dll
0x774b0000 - 0x7754d000 	C:\WINDOWS\syswow64\USP10.dll
0x73a50000 - 0x73bee000 	C:\WINDOWS\WinSxS\x86_microsoft.windows.common-controls_6595b64144ccf1df_6.0.7601.18837_none_41e855142bd5705d\COMCTL32.dll
0x77860000 - 0x778b7000 	C:\WINDOWS\syswow64\SHLWAPI.dll
0x76610000 - 0x76670000 	C:\WINDOWS\system32\IMM32.DLL
0x76670000 - 0x7673c000 	C:\WINDOWS\syswow64\MSCTF.dll
0x71190000 - 0x7124f000 	C:\Program Files (x86)\Java\jdk1.7.0_79\jre\bin\msvcr100.dll
0x5f570000 - 0x5f8f9000 	C:\Program Files (x86)\Java\jdk1.7.0_79\jre\bin\client\jvm.dll
0x704d0000 - 0x704d7000 	C:\WINDOWS\system32\WSOCK32.dll
0x75a40000 - 0x75a75000 	C:\WINDOWS\syswow64\WS2_32.dll
0x774a0000 - 0x774a6000 	C:\WINDOWS\syswow64\NSI.dll
0x73c50000 - 0x73c82000 	C:\WINDOWS\system32\WINMM.dll
0x761a0000 - 0x761a5000 	C:\WINDOWS\syswow64\PSAPI.DLL
0x715b0000 - 0x715bc000 	C:\Program Files (x86)\Java\jdk1.7.0_79\jre\bin\verify.dll
0x713a0000 - 0x713c0000 	C:\Program Files (x86)\Java\jdk1.7.0_79\jre\bin\java.dll
0x71370000 - 0x7139a000 	C:\Program Files (x86)\Java\jdk1.7.0_79\jre\bin\jdwp.dll
0x715c0000 - 0x715c7000 	C:\Program Files (x86)\Java\jdk1.7.0_79\jre\bin\npt.dll
0x71590000 - 0x715a3000 	C:\Program Files (x86)\Java\jdk1.7.0_79\jre\bin\zip.dll
0x71360000 - 0x71368000 	C:\Program Files (x86)\Java\jdk1.7.0_79\jre\bin\dt_socket.dll
0x721f0000 - 0x72200000 	C:\WINDOWS\system32\NLAapi.dll
0x721e0000 - 0x721f0000 	C:\WINDOWS\system32\napinsp.dll
0x721c0000 - 0x721d2000 	C:\WINDOWS\system32\pnrpnsp.dll
0x73490000 - 0x734cc000 	C:\WINDOWS\System32\mswsock.dll
0x73430000 - 0x73474000 	C:\WINDOWS\system32\DNSAPI.dll
0x721b0000 - 0x721b8000 	C:\WINDOWS\System32\winrnr.dll
0x721a0000 - 0x721ad000 	C:\WINDOWS\system32\wshbth.dll
0x742e0000 - 0x742fc000 	C:\WINDOWS\system32\IPHLPAPI.DLL
0x742d0000 - 0x742d7000 	C:\WINDOWS\system32\WINNSI.DLL
0x72160000 - 0x72198000 	C:\WINDOWS\System32\fwpuclnt.dll
0x72210000 - 0x72216000 	C:\WINDOWS\system32\rasadhlp.dll
0x739a0000 - 0x739c3000 	C:\ProgramData\Sophos\Web Intelligence\swi_ifslsp.dll
0x74520000 - 0x74529000 	C:\WINDOWS\system32\VERSION.dll
0x73480000 - 0x73485000 	C:\WINDOWS\System32\wshtcpip.dll
0x71340000 - 0x71354000 	C:\Program Files (x86)\Java\jdk1.7.0_79\jre\bin\net.dll
0x72200000 - 0x72206000 	C:\WINDOWS\System32\wship6.dll
0x71450000 - 0x7145f000 	C:\Program Files (x86)\Java\jdk1.7.0_79\jre\bin\nio.dll
0x6eae0000 - 0x6ec23000 	C:\Program Files (x86)\Java\jdk1.7.0_79\jre\bin\awt.dll
0x77970000 - 0x779ff000 	C:\WINDOWS\syswow64\OLEAUT32.dll
0x75890000 - 0x759ed000 	C:\WINDOWS\syswow64\ole32.dll
0x70220000 - 0x702a0000 	C:\WINDOWS\system32\uxtheme.dll
0x70170000 - 0x70183000 	C:\WINDOWS\system32\dwmapi.dll
0x76850000 - 0x7749b000 	C:\WINDOWS\syswow64\SHELL32.dll
0x71320000 - 0x71340000 	C:\Program Files (x86)\Java\jdk1.7.0_79\jre\bin\sunec.dll
0x71310000 - 0x71319000 	C:\Program Files (x86)\Java\jdk1.7.0_79\jre\bin\sunmscapi.dll
0x764a0000 - 0x765c1000 	C:\WINDOWS\syswow64\CRYPT32.dll
0x75800000 - 0x7580c000 	C:\WINDOWS\syswow64\MSASN1.dll
0x75180000 - 0x75197000 	C:\WINDOWS\system32\CRYPTSP.dll
0x75140000 - 0x7517b000 	C:\WINDOWS\system32\rsaenh.dll
0x76230000 - 0x76247000 	C:\WINDOWS\syswow64\USERENV.dll
0x76190000 - 0x7619b000 	C:\WINDOWS\syswow64\profapi.dll
0x73990000 - 0x7399d000 	C:\WINDOWS\system32\dhcpcsvc6.DLL
0x73410000 - 0x73422000 	C:\WINDOWS\system32\dhcpcsvc.DLL
0x712d0000 - 0x71309000 	C:\Program Files (x86)\Java\jdk1.7.0_79\jre\bin\fontmanager.dll
0x712a0000 - 0x712d0000 	C:\Program Files (x86)\Java\jdk1.7.0_79\jre\bin\t2k.dll
0x777c0000 - 0x77843000 	C:\WINDOWS\syswow64\CLBCatQ.DLL
0x6dc60000 - 0x6dd91000 	C:\WINDOWS\system32\WindowsCodecs.dll
0x730c0000 - 0x7310c000 	C:\WINDOWS\system32\apphelp.dll
0x714f0000 - 0x71521000 	C:\WINDOWS\system32\EhStorShell.dll
0x75e80000 - 0x7601d000 	C:\WINDOWS\syswow64\SETUPAPI.dll
0x75e50000 - 0x75e77000 	C:\WINDOWS\syswow64\CFGMGR32.dll
0x77550000 - 0x77562000 	C:\WINDOWS\syswow64\DEVOBJ.dll
0x702b0000 - 0x703a5000 	C:\WINDOWS\system32\PROPSYS.dll
0x65bf0000 - 0x65c60000 	C:\WINDOWS\system32\ntshrui.dll
0x74660000 - 0x74679000 	C:\WINDOWS\system32\srvcli.dll
0x70be0000 - 0x70beb000 	C:\WINDOWS\system32\cscapi.dll
0x71fb0000 - 0x71fba000 	C:\WINDOWS\system32\slc.dll
0x67a80000 - 0x67a88000 	C:\Users\bagridag\AppData\Local\Temp\jfantom4898733772599530665.dll
0x1a1a0000 - 0x1a207000 	C:\WINDOWS\system32\fantom.dll
0x63130000 - 0x63161000 	C:\WINDOWS\system32\visa32.dll
0x63100000 - 0x63117000 	C:\WINDOWS\system32\NiViSv32.dll
0x73120000 - 0x731c3000 	C:\WINDOWS\WinSxS\x86_microsoft.vc90.crt_1fc8b3b9a1e18e3b_9.0.30729.4940_none_50916076bcb9a742\MSVCR90.dll
0x7c340000 - 0x7c396000 	C:\WINDOWS\system32\MSVCR71.dll
0x76250000 - 0x764a0000 	C:\WINDOWS\syswow64\WININET.dll
0x776c0000 - 0x776c4000 	C:\WINDOWS\syswow64\api-ms-win-downlevel-user32-l1-1-0.dll
0x77850000 - 0x77854000 	C:\WINDOWS\syswow64\api-ms-win-downlevel-shlwapi-l1-1-0.dll
0x75aa0000 - 0x75aa4000 	C:\WINDOWS\syswow64\api-ms-win-downlevel-version-l1-1-0.dll
0x76840000 - 0x76843000 	C:\WINDOWS\syswow64\api-ms-win-downlevel-normaliz-l1-1-0.dll
0x75cf0000 - 0x75cf3000 	C:\WINDOWS\syswow64\normaliz.DLL
0x75ab0000 - 0x75ce4000 	C:\WINDOWS\syswow64\iertutil.dll
0x77dd0000 - 0x77dd5000 	C:\WINDOWS\syswow64\api-ms-win-downlevel-advapi32-l1-1-0.dll
0x634a0000 - 0x634b5000 	C:\Program Files (x86)\IVI Foundation\VISA\WinNT\Bin\NiViAsrl.dll
0x63260000 - 0x63274000 	C:\Program Files (x86)\IVI Foundation\VISA\WinNT\Bin\NiViEnet.dll
0x18360000 - 0x18376000 	C:\Program Files (x86)\IVI Foundation\VISA\WinNT\Bin\NiViUsb.dll
0x71290000 - 0x71297000 	C:\WINDOWS\system32\WINUSB.DLL
0x765d0000 - 0x765ff000 	C:\WINDOWS\syswow64\WINTRUST.dll
0x64000000 - 0x6401b000 	\\mp-server\Userdaten\bagridag\.jssc\windows\jSSC-2.8_x86.dll
0x72660000 - 0x7274b000 	C:\WINDOWS\system32\dbghelp.dll

VM Arguments:
jvm_args: -agentlib:jdwp=transport=dt_socket,suspend=y,address=localhost:55305 -Dfile.encoding=UTF-8 
java_command: de.fhg.iais.roberta.usb.Main
Launcher Type: SUN_STANDARD

Environment Variables:
JAVA_HOME=C:\Program Files (x86)\Java\jdk1.7.0_79
PATH=C:\Program Files (x86)\Java\jdk1.7.0_79\jre\bin;C:/Program Files (x86)/Java/jre1.8.0_101/bin/client;C:/Program Files (x86)/Java/jre1.8.0_101/bin;C:/Program Files (x86)/Java/jre1.8.0_101/lib/i386;C:\Python27\;C:\Python27\Scripts;C:\ProgramData\Oracle\Java\javapath;C:\WINDOWS\system32;C:\WINDOWS;C:\WINDOWS\System32\Wbem;C:\WINDOWS\System32\WindowsPowerShell\v1.0\;C:\Program Files\Git\cmd;C:\Users\bagridag\Downloads\maven\apache-maven-3.3.9\bin;C:\Program Files (x86)\IVI Foundation\VISA\WinNT\Bin;C:\Program Files (x86)\leJOS NXJ\bin; C:\Python27\;PythonPath;C:\Python27;C:\Python27\Scripts;C:\Users\bagridag\Downloads\eclipse-jee-neon-R-win32\eclipse;
USERNAME=bagridag
OS=Windows_NT
PROCESSOR_IDENTIFIER=Intel64 Family 6 Model 42 Stepping 7, GenuineIntel



---------------  S Y S T E M  ---------------

OS: Windows 7 , 64 bit Build 7601 Service Pack 1

CPU:total 4 (2 cores per cpu, 2 threads per core) family 6 model 42 stepping 7, cmov, cx8, fxsr, mmx, sse, sse2, sse3, ssse3, sse4.1, sse4.2, popcnt, avx, aes, ht, tsc, tscinvbit

Memory: 4k page, physical 4072344k(418516k free), swap 8142828k(3039348k free)

vm_info: Java HotSpot(TM) Client VM (24.79-b02) for windows-x86 JRE (1.7.0_79-b15), built on Apr 10 2015 16:49:13 by "java_re" with unknown MS VC++:1600

time: Fri Aug 26 15:52:39 2016
elapsed time: 1561 seconds

